<?xml version="1.0" encoding="UTF-8"?>
<!-- Generated by org.testng.reporters.JUnitReportReporter -->
<testsuite hostname="SHREE" failures="0" tests="1" name="test.MahaonlineTest" time="67.330" errors="0" timestamp="2022-08-28T22:48:19 IST" skipped="0">
  <testcase classname="test.MahaonlineTest" name="mahaOnlineLoginTest" time="67.330"/>
  <system-out/>
</testsuite> <!-- test.MahaonlineTest -->
