<?xml version="1.0" encoding="UTF-8"?>
<!-- Generated by org.testng.reporters.JUnitReportReporter -->
<testsuite hostname="SHREE" failures="0" tests="1" name="test.HomePageTest" time="50.334" errors="0" timestamp="2022-08-29T14:15:17 IST" skipped="0">
  <testcase classname="test.HomePageTest" name="searchStockAndClickOnBuy" time="50.334"/>
  <system-out/>
</testsuite> <!-- test.HomePageTest -->
